<?xml version="1.0" encoding="UTF-8"?>
<testng-results ignored="0" total="2" passed="0" failed="2" skipped="0">
  <reporter-output>
    <line>
      <![CDATA[Step 1: Verify that user successfully navigate to Dashboard page]]>
    </line>
    <line>
      <![CDATA[Step 2: Move hover on product then click on click request button]]>
    </line>
    <line>
      <![CDATA[Step 1: Verify that user successfully navigate to Dashboard page]]>
    </line>
  </reporter-output>
  <suite started-at="2026-01-04T10:52:16 IST" name="CXT Automation Suite" finished-at="2026-01-04T10:52:53 IST" duration-ms="36961">
    <groups>
    </groups>
    <test started-at="2026-01-04T10:52:16 IST" name="Dashboard Tests" finished-at="2026-01-04T10:52:53 IST" duration-ms="36961">
      <class name="dashboard.DashboardTest">
        <test-method is-config="true" signature="setup(java.lang.reflect.Method)[pri:0, instance:dashboard.DashboardTest@a38c7fe]" started-at="2026-01-04T10:52:16 IST" name="setup" finished-at="2026-01-04T10:52:34 IST" duration-ms="17980" status="PASS">
          <params>
            <param index="0">
              <value>
                <![CDATA[public void dashboard.DashboardTest.verifyDashboard() throws java.lang.InterruptedException]]>
              </value>
            </param>
          </params>
          <reporter-output>
          </reporter-output>
        </test-method> <!-- setup -->
        <test-method signature="verifyDashboard()[pri:0, instance:dashboard.DashboardTest@a38c7fe]" started-at="2026-01-04T10:52:34 IST" name="verifyDashboard" finished-at="2026-01-04T10:52:36 IST" duration-ms="1737" status="FAIL">
          <exception class="java.lang.AssertionError">
            <message>
              <![CDATA[Logistics and Courier Header text is not matched expected [] but found [Logistics & Courier Software]]]>
            </message>
            <full-stacktrace>
              <![CDATA[java.lang.AssertionError: Logistics and Courier Header text is not matched expected [] but found [Logistics & Courier Software]
at org.testng.Assert.fail(Assert.java:111)
at org.testng.Assert.failNotEquals(Assert.java:1578)
at org.testng.Assert.assertEqualsImpl(Assert.java:150)
at org.testng.Assert.assertEquals(Assert.java:132)
at org.testng.Assert.assertEquals(Assert.java:656)
at dashboard.DashboardTest.verifyDashboard(DashboardTest.java:48)
at java.base/jdk.internal.reflect.NativeMethodAccessorImpl.invoke0(Native Method)
at java.base/jdk.internal.reflect.NativeMethodAccessorImpl.invoke(NativeMethodAccessorImpl.java:77)
at java.base/jdk.internal.reflect.DelegatingMethodAccessorImpl.invoke(DelegatingMethodAccessorImpl.java:43)
at java.base/java.lang.reflect.Method.invoke(Method.java:568)
at org.testng.internal.invokers.MethodInvocationHelper.invokeMethod(MethodInvocationHelper.java:141)
at org.testng.internal.invokers.TestInvoker.invokeMethod(TestInvoker.java:686)
at org.testng.internal.invokers.TestInvoker.invokeTestMethod(TestInvoker.java:230)
at org.testng.internal.invokers.MethodRunner.runInSequence(MethodRunner.java:63)
at org.testng.internal.invokers.TestInvoker$MethodInvocationAgent.invoke(TestInvoker.java:992)
at org.testng.internal.invokers.TestInvoker.invokeTestMethods(TestInvoker.java:203)
at org.testng.internal.invokers.TestMethodWorker.invokeTestMethods(TestMethodWorker.java:154)
at org.testng.internal.invokers.TestMethodWorker.run(TestMethodWorker.java:134)
at java.base/java.util.ArrayList.forEach(ArrayList.java:1511)
at org.testng.TestRunner.privateRun(TestRunner.java:739)
at org.testng.TestRunner.run(TestRunner.java:614)
at org.testng.SuiteRunner.runTest(SuiteRunner.java:421)
at org.testng.SuiteRunner.runSequentially(SuiteRunner.java:413)
at org.testng.SuiteRunner.privateRun(SuiteRunner.java:373)
at org.testng.SuiteRunner.run(SuiteRunner.java:312)
at org.testng.SuiteRunnerWorker.runSuite(SuiteRunnerWorker.java:52)
at org.testng.SuiteRunnerWorker.run(SuiteRunnerWorker.java:95)
at org.testng.TestNG.runSuitesSequentially(TestNG.java:1274)
at org.testng.TestNG.runSuitesLocally(TestNG.java:1208)
at org.testng.TestNG.runSuites(TestNG.java:1112)
at org.testng.TestNG.run(TestNG.java:1079)
at com.intellij.rt.testng.IDEARemoteTestNG.run(IDEARemoteTestNG.java:65)
at com.intellij.rt.testng.RemoteTestNGStarter.main(RemoteTestNGStarter.java:105)
]]>
            </full-stacktrace>
          </exception> <!-- java.lang.AssertionError -->
          <reporter-output>
            <line>
              <![CDATA[Step 1: Verify that user successfully navigate to Dashboard page]]>
            </line>
            <line>
              <![CDATA[Step 2: Move hover on product then click on click request button]]>
            </line>
          </reporter-output>
        </test-method> <!-- verifyDashboard -->
        <test-method is-config="true" signature="tearDown(org.testng.ITestResult)[pri:0, instance:dashboard.DashboardTest@a38c7fe]" started-at="2026-01-04T10:52:36 IST" name="tearDown" finished-at="2026-01-04T10:52:36 IST" duration-ms="472" status="PASS">
          <params>
            <param index="0">
              <value>
                <![CDATA[[TestResult name=verifyDashboard status=FAILURE method=DashboardTest.verifyDashboard()[pri:0, instance:dashboard.DashboardTest@a38c7fe] output=Step 1: Verify that user successfully navigate to Dashboard page]]]>
              </value>
            </param>
          </params>
          <reporter-output>
          </reporter-output>
        </test-method> <!-- tearDown -->
        <test-method is-config="true" signature="setup(java.lang.reflect.Method)[pri:0, instance:dashboard.DashboardTest@a38c7fe]" started-at="2026-01-04T10:52:37 IST" name="setup" finished-at="2026-01-04T10:52:52 IST" duration-ms="15099" status="PASS">
          <params>
            <param index="0">
              <value>
                <![CDATA[public void dashboard.DashboardTest.verifyDashboardHoverAndNavigation() throws java.lang.InterruptedException]]>
              </value>
            </param>
          </params>
          <reporter-output>
          </reporter-output>
        </test-method> <!-- setup -->
        <test-method signature="verifyDashboardHoverAndNavigation()[pri:0, instance:dashboard.DashboardTest@a38c7fe]" started-at="2026-01-04T10:52:52 IST" name="verifyDashboardHoverAndNavigation" finished-at="2026-01-04T10:52:53 IST" duration-ms="974" status="FAIL">
          <exception class="java.lang.AssertionError">
            <message>
              <![CDATA[Dashboard logo or banner is not present expected [true] but found [false]]]>
            </message>
            <full-stacktrace>
              <![CDATA[java.lang.AssertionError: Dashboard logo or banner is not present expected [true] but found [false]
at org.testng.Assert.fail(Assert.java:111)
at org.testng.Assert.failNotEquals(Assert.java:1578)
at org.testng.Assert.assertTrue(Assert.java:57)
at dashboard.DashboardTest.verifyDashboardHoverAndNavigation(DashboardTest.java:24)
at java.base/jdk.internal.reflect.NativeMethodAccessorImpl.invoke0(Native Method)
at java.base/jdk.internal.reflect.NativeMethodAccessorImpl.invoke(NativeMethodAccessorImpl.java:77)
at java.base/jdk.internal.reflect.DelegatingMethodAccessorImpl.invoke(DelegatingMethodAccessorImpl.java:43)
at java.base/java.lang.reflect.Method.invoke(Method.java:568)
at org.testng.internal.invokers.MethodInvocationHelper.invokeMethod(MethodInvocationHelper.java:141)
at org.testng.internal.invokers.TestInvoker.invokeMethod(TestInvoker.java:686)
at org.testng.internal.invokers.TestInvoker.invokeTestMethod(TestInvoker.java:230)
at org.testng.internal.invokers.MethodRunner.runInSequence(MethodRunner.java:63)
at org.testng.internal.invokers.TestInvoker$MethodInvocationAgent.invoke(TestInvoker.java:992)
at org.testng.internal.invokers.TestInvoker.invokeTestMethods(TestInvoker.java:203)
at org.testng.internal.invokers.TestMethodWorker.invokeTestMethods(TestMethodWorker.java:154)
at org.testng.internal.invokers.TestMethodWorker.run(TestMethodWorker.java:134)
at java.base/java.util.ArrayList.forEach(ArrayList.java:1511)
at org.testng.TestRunner.privateRun(TestRunner.java:739)
at org.testng.TestRunner.run(TestRunner.java:614)
at org.testng.SuiteRunner.runTest(SuiteRunner.java:421)
at org.testng.SuiteRunner.runSequentially(SuiteRunner.java:413)
at org.testng.SuiteRunner.privateRun(SuiteRunner.java:373)
at org.testng.SuiteRunner.run(SuiteRunner.java:312)
at org.testng.SuiteRunnerWorker.runSuite(SuiteRunnerWorker.java:52)
at org.testng.SuiteRunnerWorker.run(SuiteRunnerWorker.java:95)
at org.testng.TestNG.runSuitesSequentially(TestNG.java:1274)
at org.testng.TestNG.runSuitesLocally(TestNG.java:1208)
at org.testng.TestNG.runSuites(TestNG.java:1112)
at org.testng.TestNG.run(TestNG.java:1079)
at com.intellij.rt.testng.IDEARemoteTestNG.run(IDEARemoteTestNG.java:65)
at com.intellij.rt.testng.RemoteTestNGStarter.main(RemoteTestNGStarter.java:105)
]]>
            </full-stacktrace>
          </exception> <!-- java.lang.AssertionError -->
          <reporter-output>
            <line>
              <![CDATA[Step 1: Verify that user successfully navigate to Dashboard page]]>
            </line>
          </reporter-output>
        </test-method> <!-- verifyDashboardHoverAndNavigation -->
        <test-method is-config="true" signature="tearDown(org.testng.ITestResult)[pri:0, instance:dashboard.DashboardTest@a38c7fe]" started-at="2026-01-04T10:52:53 IST" name="tearDown" finished-at="2026-01-04T10:52:53 IST" duration-ms="248" status="PASS">
          <params>
            <param index="0">
              <value>
                <![CDATA[[TestResult name=verifyDashboardHoverAndNavigation status=FAILURE method=DashboardTest.verifyDashboardHoverAndNavigation()[pri:0, instance:dashboard.DashboardTest@a38c7fe] output=Step 1: Verify that user successfully navigate to Dashboard page]]]>
              </value>
            </param>
          </params>
          <reporter-output>
          </reporter-output>
        </test-method> <!-- tearDown -->
      </class> <!-- dashboard.DashboardTest -->
    </test> <!-- Dashboard Tests -->
  </suite> <!-- CXT Automation Suite -->
</testng-results>
